app/build/outputs/logs/manifest-merger-debug-report.txt
-- Merging decision tree log ---
manifest
ADDED from src/main/AndroidManifest.xml:2:1-228:12
INJECTED from src/main/AndroidManifest.xml:2:1-228:12
INJECTED from src/main/AndroidManifest.xml:2:1-228:12
INJECTED from src/main/AndroidManifest.xml:2:1-228:12
INJECTED from src/main/AndroidManifest.xml:2:1-228:12
INJECTED from src/main/AndroidManifest.xml:2:1-228:12
INJECTED from src/main/AndroidManifest.xml:2:1-228:12
	package
		ADDED from src/main/AndroidManifest.xml:3:5-38
		INJECTED from src/main/AndroidManifest.xml
		INJECTED from src/main/AndroidManifest.xml
	android:versionName
		ADDED from src/main/AndroidManifest.xml:5:5-30
		INJECTED from src/main/AndroidManifest.xml
		INJECTED from src/main/AndroidManifest.xml
	xmlns:android
		ADDED from src/main/AndroidManifest.xml:2:11-69
	android:versionCode
		ADDED from src/main/AndroidManifest.xml:4:5-28
		INJECTED from src/main/AndroidManifest.xml
		INJECTED from src/main/AndroidManifest.xml
uses-feature#android.hardware.camera
ADDED from src/main/AndroidManifest.xml:7:5-73
	android:name
		ADDED from src/main/AndroidManifest.xml:7:19-57
uses-sdk
ADDED from src/main/AndroidManifest.xml:8:5-10:40
INJECTED from src/main/AndroidManifest.xml:8:5-10:40
INJECTED from src/main/AndroidManifest.xml:8:5-10:40
INJECTED from src/main/AndroidManifest.xml:8:5-10:40
INJECTED from src/main/AndroidManifest.xml:8:5-10:40
	android:targetSdkVersion
		ADDED from src/main/AndroidManifest.xml:10:9-37
		INJECTED from src/main/AndroidManifest.xml
		INJECTED from src/main/AndroidManifest.xml
	android:minSdkVersion
		ADDED from src/main/AndroidManifest.xml:9:9-34
		INJECTED from src/main/AndroidManifest.xml
		INJECTED from src/main/AndroidManifest.xml
uses-permission#android.permission.SET_WALLPAPER
ADDED from src/main/AndroidManifest.xml:11:5-71
	android:name
		ADDED from src/main/AndroidManifest.xml:11:22-69
uses-permission#android.permission.WAKE_LOCK
ADDED from src/main/AndroidManifest.xml:12:5-67
	android:name
		ADDED from src/main/AndroidManifest.xml:12:22-65
uses-permission#android.permission.INTERNET
ADDED from src/main/AndroidManifest.xml:13:5-66
	android:name
		ADDED from src/main/AndroidManifest.xml:13:22-64
uses-permission#android.permission.WRITE_EXTERNAL_STORAGE
ADDED from src/main/AndroidManifest.xml:14:5-80
	android:name
		ADDED from src/main/AndroidManifest.xml:14:22-78
application
ADDED from src/main/AndroidManifest.xml:16:5-226:19
	android:label
		ADDED from src/main/AndroidManifest.xml:19:6-38
	android:debuggable
		ADDED from src/main/AndroidManifest.xml:20:6-31
	android:icon
		ADDED from src/main/AndroidManifest.xml:18:9-45
	android:allowBackup
		ADDED from src/main/AndroidManifest.xml:17:9-35
activity#bitspilani.goa.letsPlay.IntroappActivity
ADDED from src/main/AndroidManifest.xml:22:9-29:20
	android:label
		ADDED from src/main/AndroidManifest.xml:24:13-34
	android:name
		ADDED from src/main/AndroidManifest.xml:23:13-45
intent-filter#action:name:android.intent.action.MAIN+category:name:android.intent.category.LAUNCHER
ADDED from src/main/AndroidManifest.xml:25:13-28:29
action#android.intent.action.MAIN
ADDED from src/main/AndroidManifest.xml:26:17-69
	android:name
		ADDED from src/main/AndroidManifest.xml:26:25-66
category#android.intent.category.LAUNCHER
ADDED from src/main/AndroidManifest.xml:27:17-77
	android:name
		ADDED from src/main/AndroidManifest.xml:27:27-74
activity#bitspilani.goa.letsPlay.MainActivity
ADDED from src/main/AndroidManifest.xml:31:9-38:20
	android:label
		ADDED from src/main/AndroidManifest.xml:33:13-36
	android:name
		ADDED from src/main/AndroidManifest.xml:32:13-41
intent-filter#action:name:bitspilani.goa.letsPlay.MAINACTIVITY+category:name:android.intent.category.DEFAULT
ADDED from src/main/AndroidManifest.xml:34:13-37:29
action#bitspilani.goa.letsPlay.MAINACTIVITY
ADDED from src/main/AndroidManifest.xml:35:17-79
	android:name
		ADDED from src/main/AndroidManifest.xml:35:25-76
category#android.intent.category.DEFAULT
ADDED from src/main/AndroidManifest.xml:36:17-76
	android:name
		ADDED from src/main/AndroidManifest.xml:36:27-73
activity#bitspilani.goa.letsPlay.TextPlay
ADDED from src/main/AndroidManifest.xml:40:10-47:20
	android:label
		ADDED from src/main/AndroidManifest.xml:42:13-43
	android:name
		ADDED from src/main/AndroidManifest.xml:41:13-37
intent-filter#action:name:bitspilani.goa.letsPlay.TEXTPLAY+category:name:android.intent.category.DEFAULT
ADDED from src/main/AndroidManifest.xml:43:13-46:29
action#bitspilani.goa.letsPlay.TEXTPLAY
ADDED from src/main/AndroidManifest.xml:44:17-75
	android:name
		ADDED from src/main/AndroidManifest.xml:44:25-72
activity#bitspilani.goa.letsPlay.Menu
ADDED from src/main/AndroidManifest.xml:49:10-56:20
	android:label
		ADDED from src/main/AndroidManifest.xml:51:13-33
	android:name
		ADDED from src/main/AndroidManifest.xml:50:13-33
intent-filter#action:name:bitspilani.goa.letsPlay.MENU+category:name:android.intent.category.DEFAULT
ADDED from src/main/AndroidManifest.xml:52:13-55:29
action#bitspilani.goa.letsPlay.MENU
ADDED from src/main/AndroidManifest.xml:53:17-71
	android:name
		ADDED from src/main/AndroidManifest.xml:53:25-68
activity#bitspilani.goa.letsPlay.Email
ADDED from src/main/AndroidManifest.xml:58:10-65:20
	android:label
		ADDED from src/main/AndroidManifest.xml:60:13-42
	android:name
		ADDED from src/main/AndroidManifest.xml:59:13-34
intent-filter#action:name:bitspilani.goa.letsPlay.EMAIL+category:name:android.intent.category.DEFAULT
ADDED from src/main/AndroidManifest.xml:61:13-64:29
action#bitspilani.goa.letsPlay.EMAIL
ADDED from src/main/AndroidManifest.xml:62:17-72
	android:name
		ADDED from src/main/AndroidManifest.xml:62:25-69
activity#bitspilani.goa.letsPlay.SnapShot
ADDED from src/main/AndroidManifest.xml:67:10-76:20
	android:screenOrientation
		ADDED from src/main/AndroidManifest.xml:70:13-49
	android:label
		ADDED from src/main/AndroidManifest.xml:69:13-39
	android:name
		ADDED from src/main/AndroidManifest.xml:68:13-37
intent-filter#action:name:bitspilani.goa.letsPlay.SNAPSHOT+category:name:android.intent.category.DEFAULT
ADDED from src/main/AndroidManifest.xml:72:13-75:29
action#bitspilani.goa.letsPlay.SNAPSHOT
ADDED from src/main/AndroidManifest.xml:73:17-75
	android:name
		ADDED from src/main/AndroidManifest.xml:73:25-72
activity#bitspilani.goa.letsPlay.GetData
ADDED from src/main/AndroidManifest.xml:78:11-86:20
	android:label
		ADDED from src/main/AndroidManifest.xml:80:13-41
	android:name
		ADDED from src/main/AndroidManifest.xml:79:13-36
intent-filter#action:name:bitspilani.goa.letsPlay.GETDATA+category:name:android.intent.category.DEFAULT
ADDED from src/main/AndroidManifest.xml:82:13-85:29
action#bitspilani.goa.letsPlay.GETDATA
ADDED from src/main/AndroidManifest.xml:83:17-74
	android:name
		ADDED from src/main/AndroidManifest.xml:83:25-71
activity#bitspilani.goa.letsPlay.SendData
ADDED from src/main/AndroidManifest.xml:88:12-96:20
	android:label
		ADDED from src/main/AndroidManifest.xml:90:13-40
	android:name
		ADDED from src/main/AndroidManifest.xml:89:13-37
intent-filter#action:name:bitspilani.goa.letsPlay.SENDDATA+category:name:android.intent.category.DEFAULT
ADDED from src/main/AndroidManifest.xml:92:13-95:29
action#bitspilani.goa.letsPlay.SENDDATA
ADDED from src/main/AndroidManifest.xml:93:17-75
	android:name
		ADDED from src/main/AndroidManifest.xml:93:25-72
activity#bitspilani.goa.letsPlay.AboutUs
ADDED from src/main/AndroidManifest.xml:98:13-107:20
	android:label
		ADDED from src/main/AndroidManifest.xml:100:13-37
	android:theme
		ADDED from src/main/AndroidManifest.xml:101:13-56
	android:name
		ADDED from src/main/AndroidManifest.xml:99:13-36
intent-filter#action:name:bitspilani.goa.letsPlay.ABOUTUS+category:name:android.intent.category.DEFAULT
ADDED from src/main/AndroidManifest.xml:103:13-106:29
action#bitspilani.goa.letsPlay.ABOUTUS
ADDED from src/main/AndroidManifest.xml:104:17-74
	android:name
		ADDED from src/main/AndroidManifest.xml:104:25-71
activity#bitspilani.goa.letsPlay.Preferences
ADDED from src/main/AndroidManifest.xml:109:16-117:20
	android:label
		ADDED from src/main/AndroidManifest.xml:111:13-40
	android:name
		ADDED from src/main/AndroidManifest.xml:110:13-40
intent-filter#action:name:bitspilani.goa.letsPlay.PREFERENCE+category:name:android.intent.category.DEFAULT
ADDED from src/main/AndroidManifest.xml:113:13-116:29
action#bitspilani.goa.letsPlay.PREFERENCE
ADDED from src/main/AndroidManifest.xml:114:17-77
	android:name
		ADDED from src/main/AndroidManifest.xml:114:25-74
activity#bitspilani.goa.letsPlay.Grafix
ADDED from src/main/AndroidManifest.xml:119:9-126:20
	android:label
		ADDED from src/main/AndroidManifest.xml:121:13-36
	android:name
		ADDED from src/main/AndroidManifest.xml:120:13-35
intent-filter#action:name:bitspilani.goa.letsPlay.GRAFIX+category:name:android.intent.category.DEFAULT
ADDED from src/main/AndroidManifest.xml:122:13-125:29
action#bitspilani.goa.letsPlay.GRAFIX
ADDED from src/main/AndroidManifest.xml:123:17-73
	android:name
		ADDED from src/main/AndroidManifest.xml:123:25-70
activity#bitspilani.goa.letsPlay.GrafixSurface
ADDED from src/main/AndroidManifest.xml:128:10-135:20
	android:label
		ADDED from src/main/AndroidManifest.xml:130:13-44
	android:name
		ADDED from src/main/AndroidManifest.xml:129:13-42
intent-filter#action:name:bitspilani.goa.letsPlay.GRAFIXSURFACE+category:name:android.intent.category.DEFAULT
ADDED from src/main/AndroidManifest.xml:131:13-134:29
action#bitspilani.goa.letsPlay.GRAFIXSURFACE
ADDED from src/main/AndroidManifest.xml:132:17-80
	android:name
		ADDED from src/main/AndroidManifest.xml:132:25-77
activity#bitspilani.goa.letsPlay.SoundStuff
ADDED from src/main/AndroidManifest.xml:136:10-143:20
	android:label
		ADDED from src/main/AndroidManifest.xml:138:13-39
	android:name
		ADDED from src/main/AndroidManifest.xml:137:13-39
intent-filter#action:name:bitspilani.goa.letsPlay.SOUNDSTUFF+category:name:android.intent.category.DEFAULT
ADDED from src/main/AndroidManifest.xml:139:13-142:29
action#bitspilani.goa.letsPlay.SOUNDSTUFF
ADDED from src/main/AndroidManifest.xml:140:17-77
	android:name
		ADDED from src/main/AndroidManifest.xml:140:25-74
activity#bitspilani.goa.letsPlay.Slider
ADDED from src/main/AndroidManifest.xml:145:10-152:20
	android:label
		ADDED from src/main/AndroidManifest.xml:147:13-40
	android:name
		ADDED from src/main/AndroidManifest.xml:146:13-35
intent-filter#action:name:bitspilani.goa.letsPlay.SLIDER+category:name:android.intent.category.DEFAULT
ADDED from src/main/AndroidManifest.xml:148:13-151:29
action#bitspilani.goa.letsPlay.SLIDER
ADDED from src/main/AndroidManifest.xml:149:17-73
	android:name
		ADDED from src/main/AndroidManifest.xml:149:25-70
activity#bitspilani.goa.letsPlay.HorizontalTabs
ADDED from src/main/AndroidManifest.xml:154:10-161:20
	android:label
		ADDED from src/main/AndroidManifest.xml:156:13-33
	android:name
		ADDED from src/main/AndroidManifest.xml:155:13-43
intent-filter#action:name:bitspilani.goa.letsPlay.HORIZONTALTABS+category:name:android.intent.category.DEFAULT
ADDED from src/main/AndroidManifest.xml:157:13-160:29
action#bitspilani.goa.letsPlay.HORIZONTALTABS
ADDED from src/main/AndroidManifest.xml:158:17-81
	android:name
		ADDED from src/main/AndroidManifest.xml:158:25-78
activity#bitspilani.goa.letsPlay.SimpleBrowser
ADDED from src/main/AndroidManifest.xml:164:10-171:20
	android:label
		ADDED from src/main/AndroidManifest.xml:166:13-48
	android:name
		ADDED from src/main/AndroidManifest.xml:165:13-42
intent-filter#action:name:bitspilani.goa.letsPlay.SIMPLEBROWSER+category:name:android.intent.category.DEFAULT
ADDED from src/main/AndroidManifest.xml:167:13-170:29
action#bitspilani.goa.letsPlay.SIMPLEBROWSER
ADDED from src/main/AndroidManifest.xml:168:17-80
	android:name
		ADDED from src/main/AndroidManifest.xml:168:25-77
activity#bitspilani.goa.letsPlay.Flipp
ADDED from src/main/AndroidManifest.xml:173:11-180:20
	android:label
		ADDED from src/main/AndroidManifest.xml:175:13-48
	android:name
		ADDED from src/main/AndroidManifest.xml:174:13-34
intent-filter#action:name:bitspilani.goa.letsPlay.FLIPP+category:name:android.intent.category.DEFAULT
ADDED from src/main/AndroidManifest.xml:176:13-179:29
action#bitspilani.goa.letsPlay.FLIPP
ADDED from src/main/AndroidManifest.xml:177:17-72
	android:name
		ADDED from src/main/AndroidManifest.xml:177:25-69
activity#bitspilani.goa.letsPlay.SharedPrefData
ADDED from src/main/AndroidManifest.xml:182:11-189:20
	android:label
		ADDED from src/main/AndroidManifest.xml:184:13-62
	android:name
		ADDED from src/main/AndroidManifest.xml:183:13-43
intent-filter#action:name:bitspilani.goa.letsPlay.GETDATAFRMSHAREDPREF+category:name:android.intent.category.DEFAULT
ADDED from src/main/AndroidManifest.xml:185:13-188:29
action#bitspilani.goa.letsPlay.GETDATAFRMSHAREDPREF
ADDED from src/main/AndroidManifest.xml:186:17-87
	android:name
		ADDED from src/main/AndroidManifest.xml:186:25-84
activity#bitspilani.goa.letsPlay.DataToInternal
ADDED from src/main/AndroidManifest.xml:191:11-198:20
	android:label
		ADDED from src/main/AndroidManifest.xml:193:13-70
	android:name
		ADDED from src/main/AndroidManifest.xml:192:13-43
activity#bitspilani.goa.letsPlay.DataToExternal
ADDED from src/main/AndroidManifest.xml:200:12-207:20
	android:label
		ADDED from src/main/AndroidManifest.xml:202:13-70
	android:name
		ADDED from src/main/AndroidManifest.xml:201:13-43
intent-filter#action:name:bitspilani.goa.letsPlay.DATATOEXTERNAL+category:name:android.intent.category.DEFAULT
ADDED from src/main/AndroidManifest.xml:203:13-206:29
action#bitspilani.goa.letsPlay.DATATOEXTERNAL
ADDED from src/main/AndroidManifest.xml:204:17-81
	android:name
		ADDED from src/main/AndroidManifest.xml:204:25-78
activity#bitspilani.goa.letsPlay.DatabaseData
ADDED from src/main/AndroidManifest.xml:209:13-216:20
	android:label
		ADDED from src/main/AndroidManifest.xml:211:13-63
	android:name
		ADDED from src/main/AndroidManifest.xml:210:13-41
intent-filter#action:name:bitspilani.goa.letsPlay.DATABASEDATA+category:name:android.intent.category.DEFAULT
ADDED from src/main/AndroidManifest.xml:212:13-215:29
action#bitspilani.goa.letsPlay.DATABASEDATA
ADDED from src/main/AndroidManifest.xml:213:17-79
	android:name
		ADDED from src/main/AndroidManifest.xml:213:25-76
activity#bitspilani.goa.letsPlay.DatabaseView
ADDED from src/main/AndroidManifest.xml:218:9-225:20
	android:label
		ADDED from src/main/AndroidManifest.xml:220:13-62
	android:name
		ADDED from src/main/AndroidManifest.xml:219:13-41
intent-filter#action:name:bitspilani.goa.letsPlay.DBMSVIEW+category:name:android.intent.category.DEFAULT
ADDED from src/main/AndroidManifest.xml:221:13-224:29
action#bitspilani.goa.letsPlay.DBMSVIEW
ADDED from src/main/AndroidManifest.xml:222:17-75
	android:name
		ADDED from src/main/AndroidManifest.xml:222:25-72